{"level":"error","message":"Validation error on body: [{\"field\":\"password\",\"message\":\"Password must include at least one uppercase letter, one lowercase letter, one number, and one special character\"}]","timestamp":"2025-03-13 13:29:01:291"}
{"level":"error","message":"Validation error on body: [{\"field\":\"password\",\"message\":\"Password must include at least one uppercase letter, one lowercase letter, one number, and one special character\"}]","timestamp":"2025-03-13 13:29:17:2917"}
{"level":"error","message":"Validation error on body: [{\"field\":\"password\",\"message\":\"Password must include at least one uppercase letter, one lowercase letter, one number, and one special character\"}]","timestamp":"2025-03-13 13:29:20:2920"}
{"level":"error","message":"Validation error on body: [{\"field\":\"password\",\"message\":\"Password must include at least one uppercase letter, one lowercase letter, one number, and one special character\"}]","timestamp":"2025-03-13 13:29:32:2932"}
{"level":"error","message":"Unhandled Rejection: logger.error is not a function","service":"tank-turn-tactics","timestamp":"2025-03-13T07:59:59.077Z"}
{"level":"error","message":"TypeError: logger.error is not a function\n    at register (file:///C:/Users/aabid/Downloads/TankTurnTactics/TankTurnTactics/server/src/controllers/auth.controller.js:37:14)\n    at process.processTicksAndRejections (node:internal/process/task_queues:105:5)","service":"tank-turn-tactics","timestamp":"2025-03-13T07:59:59.079Z"}
{"level":"error","message":"Unhandled Rejection: logger.error is not a function","service":"tank-turn-tactics","timestamp":"2025-03-13T08:02:59.177Z"}
{"level":"error","message":"TypeError: logger.error is not a function\n    at register (file:///C:/Users/aabid/Downloads/TankTurnTactics/TankTurnTactics/server/src/controllers/auth.controller.js:37:14)\n    at process.processTicksAndRejections (node:internal/process/task_queues:105:5)","service":"tank-turn-tactics","timestamp":"2025-03-13T08:02:59.178Z"}
{"email":"aabid@gmail.com","level":"error","message":"Registration error: Email already in use","timestamp":"2025-03-13 13:34:02:342"}
{"email":"aabidhussain@gmail.com","level":"error","message":"Registration error: Username already in use","timestamp":"2025-03-13 13:34:25:3425"}
{"email":"aabid@gmail.com","level":"error","message":"Registration error: Email already in use","timestamp":"2025-03-14 06:55:59:5559"}
{"email":"aabidhussain@gmail.com","level":"error","message":"Registration error: Email already in use","timestamp":"2025-03-14 07:06:28:628"}
{"email":"aabidhussainpas@gmail.com","level":"error","message":"Registration error: Username already in use","timestamp":"2025-03-14 07:07:16:716"}
{"level":"error","message":"Validation error on body: [{\"field\":\"email\",\"message\":\"Please provide a valid email address\"}]","timestamp":"2025-03-14 07:16:38:1638"}
{"level":"error","message":"Create game error: Cannot read properties of undefined (reading 'generateInitialBoard')","timestamp":"2025-03-14 07:25:29:2529","userId":"user:1741916599177"}
{"level":"error","message":"Create game error: Cannot read properties of undefined (reading 'generateInitialBoard')","timestamp":"2025-03-14 07:26:24:2624","userId":"user:1741916599177"}
{"level":"error","message":"Create game error: Cannot read properties of undefined (reading 'generateInitialBoard')","timestamp":"2025-03-14 07:28:55:2855","userId":"user:1741916599177"}
{"level":"error","message":"Create game error: generateInitialBoard is not defined","timestamp":"2025-03-14 07:29:21:2921","userId":"user:1741916599177"}
{"level":"error","message":"Create game error: Cannot read properties of undefined (reading 'generateInitialBoard')","timestamp":"2025-03-14 07:34:18:3418","userId":"user:1741916599177"}
{"level":"error","message":"Validation error on body: [{\"field\":\"password\",\"message\":\"Password must include at least one uppercase letter, one lowercase letter, one number, and one special character\"}]","timestamp":"2025-03-14 22:20:36:2036"}
{"level":"error","message":"Validation error on body: [{\"field\":\"confirmPassword\",\"message\":\"Passwords do not match\"}]","timestamp":"2025-03-14 22:21:03:213"}
{"level":"error","message":"Validation error on body: [{\"field\":\"confirmPassword\",\"message\":\"Passwords do not match\"}]","timestamp":"2025-03-14 22:21:17:2117"}
{"level":"error","message":"Validation error on body: [{\"field\":\"confirmPassword\",\"message\":\"Passwords do not match\"}]","timestamp":"2025-03-14 22:21:21:2121"}
{"level":"error","message":"Validation error on body: [{\"field\":\"confirmPassword\",\"message\":\"Passwords do not match\"}]","timestamp":"2025-03-14 22:21:42:2142"}
{"email":"aabidhussainpas@gmail.com","level":"error","message":"Registration error: Email already in use","timestamp":"2025-03-14 22:22:52:2252"}
{"email":"aabidhussainpas@gmail.com","level":"error","message":"Login error: Invalid email or password","timestamp":"2025-03-14 22:32:32:3232"}
{"level":"error","message":"Validation error on body: [{\"field\":\"password\",\"message\":\"Password must include at least one uppercase letter, one lowercase letter, one number, and one special character\"},{\"field\":\"confirmPassword\",\"message\":\"Passwords do not match\"}]","timestamp":"2025-03-15 05:54:52:5452"}
{"level":"error","message":"Validation error on body: [{\"field\":\"password\",\"message\":\"Password must include at least one uppercase letter, one lowercase letter, one number, and one special character\"},{\"field\":\"confirmPassword\",\"message\":\"Passwords do not match\"}]","timestamp":"2025-03-15 05:55:27:5527"}
{"level":"error","message":"Validation error on body: [{\"field\":\"password\",\"message\":\"Password must include at least one uppercase letter, one lowercase letter, one number, and one special character\"},{\"field\":\"confirmPassword\",\"message\":\"Passwords do not match\"}]","timestamp":"2025-03-15 05:55:42:5542"}
{"level":"error","message":"Validation error on body: [{\"field\":\"password\",\"message\":\"Password must include at least one uppercase letter, one lowercase letter, one number, and one special character\"},{\"field\":\"confirmPassword\",\"message\":\"Passwords do not match\"}]","timestamp":"2025-03-15 05:56:06:566"}
{"level":"error","message":"Validation error on body: [{\"field\":\"confirmPassword\",\"message\":\"Passwords do not match\"}]","timestamp":"2025-03-15 05:56:20:5620"}
{"email":"A@gmail.com","level":"error","message":"Login error: Invalid email or password","timestamp":"2025-03-15 06:01:25:125"}
{"email":"a@gmail.com","level":"error","message":"Login error: Invalid email or password","timestamp":"2025-03-15 06:01:37:137"}
{"email":"uisgodf@gmail.com","level":"error","message":"Login error: Invalid email or password","timestamp":"2025-03-15 06:02:32:232"}
{"email":"a@gmail.com","level":"error","message":"Login error: Invalid email or password","timestamp":"2025-03-15 06:03:51:351"}
{"email":"a@gmail.com","level":"error","message":"Login error: Invalid email or password","timestamp":"2025-03-15 06:05:47:547"}
{"email":"a@gmail.com","level":"error","message":"Login error: Invalid email or password","timestamp":"2025-03-15 06:07:18:718"}
{"email":"a@gmail.com","level":"error","message":"Login error: Invalid email or password","timestamp":"2025-03-15 06:10:32:1032"}
{"email":"a@gmail.com","level":"error","message":"Login error: Invalid email or password","timestamp":"2025-03-15 06:11:06:116"}
{"email":"a@gmail.com","level":"error","message":"Login error: Invalid email or password","timestamp":"2025-03-15 06:12:59:1259"}
{"email":"a@gmail.com","level":"error","message":"Login error: Invalid email or password","timestamp":"2025-03-15 06:14:31:1431"}
{"email":"a@gmail.com","level":"error","message":"Login error: Invalid email or password","timestamp":"2025-03-15 06:15:06:156"}
{"email":"a@gmail.com","level":"error","message":"Login error: Invalid email or password","timestamp":"2025-03-15 06:16:11:1611"}
{"email":"a@gmail.com","level":"error","message":"Login error: Invalid email or password","timestamp":"2025-03-15 06:17:17:1717"}
{"email":"a@gmail.com","level":"error","message":"Login error: Invalid email or password","timestamp":"2025-03-15 06:19:09:199"}
{"email":"a@gmail.com","level":"error","message":"Login error: Invalid email or password","timestamp":"2025-03-15 06:19:25:1925"}
{"email":"a@gmail.com","level":"error","message":"Login error: Invalid email or password","timestamp":"2025-03-15 06:23:52:2352"}
{"email":"a@gmail.com","level":"error","message":"Login error: Invalid email or password","timestamp":"2025-03-15 06:25:15:2515"}
{"email":"a@gmail.com","level":"error","message":"Login error: Invalid email or password","timestamp":"2025-03-15 06:26:29:2629"}
{"email":"a@gmail.com","level":"error","message":"Login error: Invalid email or password","timestamp":"2025-03-15 06:28:36:2836"}
{"email":"a@gmail.com","level":"error","message":"Login error: Invalid email or password","timestamp":"2025-03-15 06:28:58:2858"}
{"email":"a@gmail.com","level":"error","message":"Login error: Invalid email or password","timestamp":"2025-03-15 06:29:24:2924"}
{"email":"a@gmail.com","level":"error","message":"Login error: Invalid email or password","timestamp":"2025-03-15 06:29:41:2941"}
{"email":"a@gmail.com","level":"error","message":"Login error: Invalid email or password","timestamp":"2025-03-15 06:30:14:3014"}
{"email":"a@gmail.com","level":"error","message":"Login error: Invalid email or password","timestamp":"2025-03-15 06:30:29:3029"}
{"email":"a@gmail.com","level":"error","message":"Login error: Invalid email or password","timestamp":"2025-03-15 06:35:54:3554"}
{"email":"a@gmail.com","level":"error","message":"Login error: Invalid email or password","timestamp":"2025-03-15 06:40:06:406"}
{"level":"error","message":"Validation error on body: [{\"field\":\"password\",\"message\":\"Password must be at least 8 characters long\"},{\"field\":\"password\",\"message\":\"Password must include at least one uppercase letter, one lowercase letter, one number, and one special character\"},{\"field\":\"confirmPassword\",\"message\":\"Passwords do not match\"}]","timestamp":"2025-03-15 06:45:42:4542"}
{"level":"error","message":"Validation error on body: [{\"field\":\"password\",\"message\":\"Password must be at least 8 characters long\"},{\"field\":\"password\",\"message\":\"Password must include at least one uppercase letter, one lowercase letter, one number, and one special character\"},{\"field\":\"confirmPassword\",\"message\":\"Passwords do not match\"}]","timestamp":"2025-03-15 06:45:43:4543"}
{"level":"error","message":"Validation error on body: [{\"field\":\"password\",\"message\":\"Password must be at least 8 characters long\"},{\"field\":\"password\",\"message\":\"Password must include at least one uppercase letter, one lowercase letter, one number, and one special character\"},{\"field\":\"confirmPassword\",\"message\":\"Passwords do not match\"}]","timestamp":"2025-03-15 06:45:45:4545"}
{"level":"error","message":"Validation error on body: [{\"field\":\"password\",\"message\":\"Password must be at least 8 characters long\"},{\"field\":\"password\",\"message\":\"Password must include at least one uppercase letter, one lowercase letter, one number, and one special character\"},{\"field\":\"confirmPassword\",\"message\":\"Passwords do not match\"}]","timestamp":"2025-03-15 06:45:46:4546"}
{"level":"error","message":"Validation error on body: [{\"field\":\"password\",\"message\":\"Password must include at least one uppercase letter, one lowercase letter, one number, and one special character\"},{\"field\":\"confirmPassword\",\"message\":\"Passwords do not match\"}]","timestamp":"2025-03-15 06:46:33:4633"}
{"email":"a@gmail.com","level":"error","message":"Login error: Invalid email or password","timestamp":"2025-03-15 06:47:41:4741"}
{"email":"a@gmail.com","level":"error","message":"Login error: Invalid email or password","timestamp":"2025-03-15 06:48:04:484"}
{"email":"a@gmail.com","level":"error","message":"Login error: Invalid email or password","timestamp":"2025-03-15 07:02:20:220"}
{"level":"error","message":"Validation error on body: [{\"field\":\"password\",\"message\":\"\\\"password\\\" is not allowed to be empty\"}]","timestamp":"2025-03-15 07:03:10:310"}
{"email":"a@gmail.com","level":"error","message":"Login error: Invalid email or password","timestamp":"2025-03-15 07:03:16:316"}
{"level":"error","message":"Validation error on body: [{\"field\":\"password\",\"message\":\"\\\"password\\\" is not allowed to be empty\"}]","timestamp":"2025-03-15 07:03:31:331"}
{"level":"error","message":"Validation error on body: [{\"field\":\"password\",\"message\":\"\\\"password\\\" is not allowed to be empty\"}]","timestamp":"2025-03-15 07:04:10:410"}
{"level":"error","message":"Validation error on body: [{\"field\":\"password\",\"message\":\"\\\"password\\\" is not allowed to be empty\"}]","timestamp":"2025-03-15 07:04:29:429"}
{"email":"a@gmail.com","level":"error","message":"Login error: Invalid email or password","timestamp":"2025-03-15 07:05:09:59"}
{"level":"error","message":"Validation error on body: [{\"field\":\"password\",\"message\":\"\\\"password\\\" is not allowed to be empty\"}]","timestamp":"2025-03-15 07:05:31:531"}
{"level":"error","message":"Validation error on body: [{\"field\":\"password\",\"message\":\"\\\"password\\\" is not allowed to be empty\"}]","timestamp":"2025-03-15 07:05:37:537"}
{"email":"a@gmail.com","level":"error","message":"Login error: Invalid email or password","timestamp":"2025-03-15 07:05:43:543"}
{"email":"a@gmail.com","level":"error","message":"Login error: Invalid email or password","timestamp":"2025-03-15 07:05:44:544"}
{"level":"error","message":"Validation error on body: [{\"field\":\"password\",\"message\":\"\\\"password\\\" is not allowed to be empty\"}]","timestamp":"2025-03-15 07:06:49:649"}
{"level":"error","message":"Validation error on body: [{\"field\":\"email\",\"message\":\"\\\"email\\\" is not allowed to be empty\"},{\"field\":\"password\",\"message\":\"\\\"password\\\" is not allowed to be empty\"}]","timestamp":"2025-03-15 07:07:09:79"}
{"level":"error","message":"Validation error on body: [{\"field\":\"email\",\"message\":\"\\\"email\\\" is not allowed to be empty\"},{\"field\":\"password\",\"message\":\"\\\"password\\\" is not allowed to be empty\"}]","timestamp":"2025-03-15 07:07:25:725"}
{"level":"error","message":"Validation error on body: [{\"field\":\"email\",\"message\":\"\\\"email\\\" is not allowed to be empty\"},{\"field\":\"password\",\"message\":\"\\\"password\\\" is not allowed to be empty\"}]","timestamp":"2025-03-15 07:07:35:735"}
{"email":"a@gmail.com","level":"error","message":"Login error: Invalid email or password","timestamp":"2025-03-15 07:08:55:855"}
{"email":"a@gmail.com","level":"error","message":"Login error: Invalid email or password","timestamp":"2025-03-15 07:09:53:953"}
{"email":"a@gmail.com","level":"error","message":"Login error: Invalid email or password","timestamp":"2025-03-15 07:10:33:1033"}
{"email":"a@gmail.com","level":"error","message":"Login error: Invalid email or password","timestamp":"2025-03-15 07:11:30:1130"}
{"email":"a@gmail.com","level":"error","message":"Login error: Invalid email or password","timestamp":"2025-03-15 07:12:44:1244"}
{"email":"a@gmail.com","level":"error","message":"Login error: Invalid email or password","timestamp":"2025-03-15 07:18:56:1856"}
{"email":"a@gmail.com","level":"error","message":"Login error: Invalid email or password","timestamp":"2025-03-15 07:19:53:1953"}
{"email":"a@gmail.com","level":"error","message":"Login error: Invalid email or password","timestamp":"2025-03-15 14:24:45:2445"}
{"email":"a@gmail.com","level":"error","message":"Login error: Invalid email or password","timestamp":"2025-03-15 14:27:05:275"}
{"email":"a@gmail.com","level":"error","message":"Login error: Invalid email or password","timestamp":"2025-03-15 14:27:51:2751"}
{"email":"a@gmail.com","level":"error","message":"Login error: Invalid email or password","timestamp":"2025-03-15 14:28:24:2824"}
{"email":"a@gmail.com","level":"error","message":"Login error: Invalid email or password","timestamp":"2025-03-15 14:28:31:2831"}
{"email":"a@gmail.com","level":"error","message":"Login error: Invalid email or password","timestamp":"2025-03-15 14:31:27:3127"}
{"email":"a@gmail.com","level":"error","message":"Login error: Invalid email or password","timestamp":"2025-03-15 14:43:05:435"}
{"email":"a@gmail.com","level":"error","message":"Login error: Invalid email or password","timestamp":"2025-03-15 15:08:13:813"}
{"email":"a@gmail.com","level":"error","message":"Login error: Invalid email or password","timestamp":"2025-03-15 15:08:40:840"}
{"email":"a@gmail.com","level":"error","message":"Login error: Invalid email or password","timestamp":"2025-03-15 15:09:29:929"}
{"email":"a@gmail.com","level":"error","message":"Login error: Invalid email or password","timestamp":"2025-03-15 15:21:53:2153"}
{"email":"aabidhussainpas@gmail.com","level":"error","message":"Login error: Invalid email or password","timestamp":"2025-03-15 15:23:06:236"}
{"email":"Alpha@gmail.com","level":"error","message":"Login error: Invalid email or password","timestamp":"2025-03-16 19:36:05:365"}
{"email":"Alpha@gmail.com","level":"error","message":"Login error: Invalid email or password","timestamp":"2025-03-16 20:02:42:242"}
{"email":"Alpha@gmail.com","level":"error","message":"Login error: Invalid email or password","timestamp":"2025-03-16 20:02:46:246"}
